<?xml version="1.0" encoding="UTF-8"?>
<testsuite xmlns:xsi="http://www.w3.org/2001/XMLSchema-instance" xsi:noNamespaceSchemaLocation="https://maven.apache.org/surefire/maven-surefire-plugin/xsd/surefire-test-report.xsd" version="3.0.2" name="tests.ProductsAddToCartTest" time="7.319" tests="3" errors="0" skipped="0" failures="0">
  <properties>
[...]
</properties>
  <testcase name="addingMultipleProductsToCartShowsCartBadgeWithCorrectNumber" classname="tests.ProductsAddToCartTest" time="2.458"/>
  <testcase name="addingAndRemovingProductShowsAndHidesBadge" classname="tests.ProductsAddToCartTest" time="2.47"/>
  <testcase name="addingProductToCartShowsCartBadgeWithCorrectNumber" classname="tests.ProductsAddToCartTest" time="2.391"/>
</testsuite>